echo sault moi cest
eddie
echo salut moi cest eddie
 c'est eddi 
salut moi c'est eddi    
& wc -l << STOP
 STOP
TOP

ho $HOME -e | cat -e | wc -l > result.txt && cat ft_*.c | wc -l >> result.txt && wc -l << STOP
'lap'e
echo "bonjour" && echo bon$HOME$PWD |  ta mere d'lap'es
echo "bonjour" && echo bon$HOME$PWD |  ta mere d'lap'es
echo "bonjour" && echo bon$HOME$PWD |  ta mere d'lap'es
echo "bonjour" && echo bon$HOME$PWD |  ta mere d'lap'esp
echo "bonjour" && echo bon$HOME$PWD |  ta mere d'lap'esp
echo "bonjour" && echo bon$HOME$PWD | ta mere d'lap'esp
echo "bonjour" && echo bon$HOME$PWD | ta mere d'lap'esp;
echo "bonjour" && echo bon$HOME$PWD | ta mere d'lap'esp
echo "bonjour" && echo bon$HOME$PWD | ta mere d'lap'e\
echo "bonjour" && echo bon$HOME$PWD | ta mere d'lap'e
echo "bonjour" && echo bon$HOME$PWD | ta mere d'lap'
