make all --print-data-base --no-builtin-variables --no-builtin-rules --question
# GNU Make 4.3
# Built for x86_64-pc-linux-gnu
# Copyright (C) 1988-2020 Free Software Foundation, Inc.
# License GPLv3+: GNU GPL version 3 or later <http://gnu.org/licenses/gpl.html>
# This is free software: you are free to change and redistribute it.
# There is NO WARRANTY, to the extent permitted by law.

# Make data base, printed on Mon Jul 18 15:17:12 2022

# Variables

# environment
GDK_BACKEND = x11
# environment
LC_ALL = C
# environment
NO_AT_BRIDGE = 1
# environment
GTK_RC_FILES = /etc/gtk/gtkrc:/home/widium/.gtkrc:/home/widium/.config/gtkrc
# environment
VSCODE_IPC_HOOK_EXTHOST = /run/user/1000/vscode-ipc-67e62ea7-3c27-4ee9-8b43-c1d4443c7b09.sock
# environment
LC_NAME = fr_FR.UTF-8
# environment
LC_NUMERIC = fr_FR.UTF-8
# environment
VSCODE_CWD = /home/widium
# environment
LC_ADDRESS = fr_FR.UTF-8
# default
MAKE_COMMAND := make
# environment
GTK3_MODULES = xapp-gtk3-module
# automatic
@D = $(patsubst %/,%,$(dir $@))
# environment
GDK_DPI_SCALE = 0.5
# environment
VSCODE_HANDLES_UNCAUGHT_ERRORS = true
# default
.VARIABLES := 
# environment
PWD = /home/widium/Programming/42_cursus/Minishell
# automatic
%D = $(patsubst %/,%,$(dir $%))
# environment
MAIL = /var/spool/mail/widium
# environment
XDG_DATA_DIRS = /home/widium/.local/share/flatpak/exports/share:/var/lib/flatpak/exports/share:/usr/local/share:/usr/share:/var/lib/snapd/desktop
# automatic
^D = $(patsubst %/,%,$(dir $^))
# environment
VSCODE_LOG_STACK = false
# automatic
%F = $(notdir $%)
# environment
VSCODE_CODE_CACHE_PATH = /home/widium/.config/Code/CachedData/30d9c6cd9483b2cc586687151bcbcd635f373630
# environment
XDG_SESSION_PATH = /org/freedesktop/DisplayManager/Session1
# environment
LANG = C
# environment
XAUTHORITY = /home/widium/.Xauthority
# default
.LOADED := 
# default
.INCLUDE_DIRS = /usr/include /usr/local/include /usr/include
# makefile
MAKEFLAGS = pqrR
# makefile
CURDIR := /home/widium/Programming/42_cursus/Minishell
# environment
VSCODE_PIPE_LOGGING = true
# environment
APPLICATION_INSIGHTS_NO_DIAGNOSTIC_CHANNEL = 1
# makefile (from 'Makefile', line 15)
SRCS = main.c utils/init.c utils/string_utils.c env/prompt.c env/signal.c exit_free/exit.c exit_free/free.c history/file.c parsing/detect.c parsing/detect2.c parsing/detect3.c parsing/detect4.c parsing/detect5.c parsing/is.c parsing/is_redirection.c parsing/is_boolean.c parsing/is_quote.c verbose/verbose.c tokenization/init_token.c tokenization/tokenizer.c tokenization/chained.c tokenization/create.c 
# automatic
*D = $(patsubst %/,%,$(dir $*))
# environment
PAM_KWALLET5_LOGIN = /run/user/1000/kwallet5.socket
# environment
MFLAGS = -pqrR
# default
.SHELLFLAGS := -c
# environment
QT_LINUX_ACCESSIBILITY_ALWAYS_ON = 1
# environment
XDG_CONFIG_DIRS = /home/widium/.config/kdedefaults:/etc/xdg
# automatic
+D = $(patsubst %/,%,$(dir $+))
# environment
XCURSOR_THEME = breeze_cursors
# environment
XDG_SESSION_DESKTOP = KDE
# makefile (from 'Makefile', line 1)
MAKEFILE_LIST := Makefile
# environment
CONDA_SHLVL = 0
# automatic
@F = $(notdir $@)
# environment
VSCODE_VERBOSE_LOGGING = true
# environment
VSCODE_PID = 83422
# environment
XDG_SESSION_TYPE = x11
# automatic
?D = $(patsubst %/,%,$(dir $?))
# makefile (from 'Makefile', line 45)
FLAGS = -g3 -lreadline
# environment
SESSION_MANAGER = local/manjaro:@/tmp/.ICE-unix/1510,unix/manjaro:/tmp/.ICE-unix/1510
# automatic
*F = $(notdir $*)
# environment
CHROME_DESKTOP = code-url-handler.desktop
# environment
DBUS_SESSION_BUS_ADDRESS = unix:path=/run/user/1000/bus
# automatic
<D = $(patsubst %/,%,$(dir $<))
# environment
VSCODE_NLS_CONFIG = {"locale":"en-us","availableLanguages":{},"_languagePackSupport":true}
# default
MAKE_HOST := x86_64-pc-linux-gnu
# makefile (from 'Makefile', line 42)
OBJS = $(SRCS:.c=.o)
# makefile
SHELL = /bin/sh
# default
MAKECMDGOALS := all
# environment
SHLVL = 1
# environment
MAKELEVEL := 0
# default
MAKE = $(MAKE_COMMAND)
# environment
PATH = /home/widium/.local/bin:/usr/condabin:/usr/local/sbin:/usr/local/bin:/usr/bin:/usr/lib/jvm/default/bin:/usr/bin/site_perl:/usr/bin/vendor_perl:/usr/bin/core_perl:/var/lib/snapd/snap/bin:/home/widium/.local/share/JetBrains/Toolbox/scripts
# default
MAKEFILES := 
# makefile (from 'Makefile', line 47)
LEAKS = -fsanitize=leak
# makefile (from 'Makefile', line 46)
SANITIZE = -fsanitize=address
# environment
LC_MONETARY = fr_FR.UTF-8
# environment
MOTD_SHOWN = pam
# automatic
^F = $(notdir $^)
# environment
LC_TIME = fr_FR.UTF-8
# environment
VSCODE_LOG_NATIVE = false
# environment
LC_TELEPHONE = fr_FR.UTF-8
# environment
GDK_SCALE = 2
# automatic
?F = $(notdir $?)
# environment
KDE_APPLICATIONS_AS_SCOPE = 1
# makefile (from 'Makefile', line 13)
NAME = minishell
# environment
XDG_SEAT = seat0
# environment
XDG_CURRENT_DESKTOP = KDE
# automatic
+F = $(notdir $+)
# environment
XDG_SEAT_PATH = /org/freedesktop/DisplayManager/Seat0
# environment
DESKTOP_SESSION = plasma
# environment
ORIGINAL_XDG_CURRENT_DESKTOP = KDE
# 'override' directive
GNUMAKEFLAGS := 
# environment
QT_SCREEN_SCALE_FACTORS = eDP-1=2;DP-1=2;DP-2=2;DP-3=2;DP-4=2;DP-3-1=2;DP-3-2=2;DP-3-3=2;DP-1-0=2;DP-1-1=2;DP-1-2=2;DP-1-3=2;DP-1-4=2;DP-1-5=2;DP-1-6=2;DP-1-7=2;
# environment
LOGNAME = widium
# environment
XDG_VTNR = 1
# makefile
.DEFAULT_GOAL := minishell
# environment
SYSTEMD_EXEC_PID = 1378
# environment
DISPLAY = :0
# environment
GTK_MODULES = canberra-gtk-module
# environment
USER = widium
# default
MAKE_VERSION := 4.3
# environment
KDE_SESSION_UID = 1000
# environment
LC_MEASUREMENT = fr_FR.UTF-8
# environment
DEBUGINFOD_URLS = https://debuginfod.archlinux.org 
# environment
_ = /usr/bin/make
# environment
LC_PAPER = fr_FR.UTF-8
# environment
XDG_RUNTIME_DIR = /run/user/1000
# environment
XDG_SESSION_CLASS = user
# environment
VSCODE_AMD_ENTRYPOINT = vs/workbench/api/node/extensionHostProcess
# environment
GTK2_RC_FILES = /etc/gtk-2.0/gtkrc:/home/widium/.gtkrc-2.0:/home/widium/.config/gtkrc-2.0
# environment
HOME = /home/widium
# environment
ELECTRON_RUN_AS_NODE = 1
# environment
VSCODE_IPC_HOOK = /run/user/1000/vscode-f0a1c65d-1.68.1-main.sock
# environment
XDG_SESSION_ID = 2
# environment
XCURSOR_SIZE = 48
# default
.RECIPEPREFIX := 
# automatic
<F = $(notdir $<)
# default
SUFFIXES := 
# environment
QT_AUTO_SCREEN_SCALE_FACTOR = 0
# environment
VSCODE_CLI = 1
# environment
ELECTRON_NO_ATTACH_CONSOLE = 1
# environment
KDE_SESSION_VERSION = 5
# default
.FEATURES := target-specific order-only second-expansion else-if shortest-stem undefine oneshell nocomment grouped-target extra-prereqs archives jobserver output-sync check-symlink guile load
# makefile (from 'Makefile', line 43)
CC = clang
# environment
KDE_FULL_SESSION = true
# environment
CONDA_EXE = /usr/bin/conda
# environment
LC_IDENTIFICATION = fr_FR.UTF-8
# variable set hash-table stats:
# Load=119/1024=12%, Rehash=0, Collisions=11/163=7%

# Pattern-specific Variable Values

# No pattern-specific variable values.

# Directories

# utils (device 66306, inode 5113314): 6 files, no impossibilities so far.
# . (device 66306, inode 5113271): 23 files, no impossibilities.

# 29 files, no impossibilities in 2 directories.

# Implicit Rules

%.o: %.c
#  recipe to execute (from 'Makefile', line 50):
			$(CC) -c $< -o $@
	

# 1 implicit rules, 0 (0.0%) terminal.
# Files

# Not a target:
verbose/verbose.o:
#  Implicit rule search has not been done.
#  Modification time never checked.
#  File has not been updated.
 

# Not a target:
utils/init.c:
#  Implicit rule search has been done.
#  Last modified 2022-07-18 13:56:08.456670196
#  File has been updated.
#  Successfully updated.

# Not a target:
history/file.o:
#  Implicit rule search has not been done.
#  Modification time never checked.
#  File has not been updated.

# Not a target:
parsing/is_redirection.o:
#  Implicit rule search has not been done.
#  Modification time never checked.
#  File has not been updated.

# Not a target:
tokenization/create.o:
#  Implicit rule search has not been done.
#  Modification time never checked.
#  File has not been updated.

# Not a target:
env/prompt.o:
#  Implicit rule search has not been done.
#  Modification time never checked.
#  File has not been updated.

minishell: main.o utils/init.o utils/string_utils.o env/prompt.o env/signal.o exit_free/exit.o exit_free/free.o history/file.o parsing/detect.o parsing/detect2.o parsing/detect3.o parsing/detect4.o parsing/detect5.o parsing/is.o parsing/is_redirection.o parsing/is_boolean.o parsing/is_quote.o verbose/verbose.o tokenization/init_token.o tokenization/tokenizer.o tokenization/chained.o tokenization/create.o
#  Implicit rule search has not been done.
#  Last modified 2022-07-15 22:16:14.376669493
#  File has been updated.
#  Needs to be updated (-q is set).
# variable set hash-table stats:
# Load=0/32=0%, Rehash=0, Collisions=0/4=0%
#  recipe to execute (from 'Makefile', line 53):
				make -C libft
				$(CC) $(OBJS) $(FLAGS) libft/libft.a -o $(NAME)		

# Not a target:
exit_free/exit.o:
#  Implicit rule search has not been done.
#  Modification time never checked.
#  File has not been updated.

debug: main.o utils/init.o utils/string_utils.o env/prompt.o env/signal.o exit_free/exit.o exit_free/free.o history/file.o parsing/detect.o parsing/detect2.o parsing/detect3.o parsing/detect4.o parsing/detect5.o parsing/is.o parsing/is_redirection.o parsing/is_boolean.o parsing/is_quote.o verbose/verbose.o tokenization/init_token.o tokenization/tokenizer.o tokenization/chained.o tokenization/create.o
#  Implicit rule search has not been done.
#  Modification time never checked.
#  File has not been updated.
#  recipe to execute (from 'Makefile', line 67):
				$(CC) $(OBJS) $(FLAGS) $(SANITIZE) -g3 libft/libft.a  -o $(NAME)
				gdb $(NAME)
				

# Not a target:
Makefile:
#  Implicit rule search has been done.
#  Last modified 2022-07-18 13:58:55.353336913
#  File has been updated.
#  Successfully updated.

# Not a target:
parsing/detect.o:
#  Implicit rule search has not been done.
#  Modification time never checked.
#  File has not been updated.

# Not a target:
parsing/is_boolean.o:
#  Implicit rule search has not been done.
#  Modification time never checked.
#  File has not been updated.

clean:
#  Phony target (prerequisite of .PHONY).
#  Implicit rule search has not been done.
#  File does not exist.
#  File has not been updated.
#  recipe to execute (from 'Makefile', line 59):
				make clean -C libft
				/bin/rm -rf $(OBJS)

re: fclean all
#  Phony target (prerequisite of .PHONY).
#  Implicit rule search has not been done.
#  File does not exist.
#  File has not been updated.

# Not a target:
utils/string_utils.o:
#  Implicit rule search has not been done.
#  Modification time never checked.
#  File has not been updated.

# Not a target:
parsing/detect3.o:
#  Implicit rule search has not been done.
#  Modification time never checked.
#  File has not been updated.

# Not a target:
exit_free/free.o:
#  Implicit rule search has not been done.
#  Modification time never checked.
#  File has not been updated.

# Not a target:
parsing/detect4.o:
#  Implicit rule search has not been done.
#  Modification time never checked.
#  File has not been updated.

# Not a target:
tokenization/init_token.o:
#  Implicit rule search has not been done.
#  Modification time never checked.
#  File has not been updated.

# Not a target:
tokenization/tokenizer.o:
#  Implicit rule search has not been done.
#  Modification time never checked.
#  File has not been updated.

# Not a target:
.DEFAULT:
#  Implicit rule search has not been done.
#  Modification time never checked.
#  File has not been updated.

all: minishell
#  Phony target (prerequisite of .PHONY).
#  Command line target.
#  Implicit rule search has not been done.
#  File does not exist.
#  File has been updated.
#  Needs to be updated (-q is set).
# variable set hash-table stats:
# Load=0/32=0%, Rehash=0, Collisions=0/4=0%

fclean: clean
#  Phony target (prerequisite of .PHONY).
#  Implicit rule search has not been done.
#  File does not exist.
#  File has not been updated.
#  recipe to execute (from 'Makefile', line 63):
				make fclean -C libft
				/bin/rm -rf $(NAME)

# Not a target:
main.c:
#  Implicit rule search has been done.
#  Last modified 2022-07-13 18:31:52.199994331
#  File has been updated.
#  Successfully updated.

leak: main.o utils/init.o utils/string_utils.o env/prompt.o env/signal.o exit_free/exit.o exit_free/free.o history/file.o parsing/detect.o parsing/detect2.o parsing/detect3.o parsing/detect4.o parsing/detect5.o parsing/is.o parsing/is_redirection.o parsing/is_boolean.o parsing/is_quote.o verbose/verbose.o tokenization/init_token.o tokenization/tokenizer.o tokenization/chained.o tokenization/create.o
#  Phony target (prerequisite of .PHONY).
#  Implicit rule search has not been done.
#  File does not exist.
#  File has not been updated.
#  recipe to execute (from 'Makefile', line 74):
				$(CC) $(OBJS) $(FLAGS) $(LEAKS) libft/libft.a  -o $(NAME)

main.o: main.c
#  Implicit rule search has been done.
#  Implicit/static pattern stem: 'main'
#  Last modified 2022-07-15 18:26:19.986666871
#  File has been updated.
#  Successfully updated.
#  recipe to execute (from 'Makefile', line 50):
			$(CC) -c $< -o $@
	

# Not a target:
parsing/detect2.o:
#  Implicit rule search has not been done.
#  Modification time never checked.
#  File has not been updated.

# Not a target:
env/signal.o:
#  Implicit rule search has not been done.
#  Modification time never checked.
#  File has not been updated.

# Not a target:
parsing/detect5.o:
#  Implicit rule search has not been done.
#  Modification time never checked.
#  File has not been updated.

# Not a target:
parsing/is.o:
#  Implicit rule search has not been done.
#  Modification time never checked.
#  File has not been updated.

# Not a target:
parsing/is_quote.o:
#  Implicit rule search has not been done.
#  Modification time never checked.
#  File has not been updated.

utils/init.o: utils/init.c
#  Implicit rule search has been done.
#  Implicit/static pattern stem: 'utils/init'
#  Last modified 2022-07-15 18:26:20.013333538
#  File has been updated.
#  Needs to be updated (-q is set).
# automatic
# @ := utils/init.o
# automatic
# * := utils/init
# automatic
# < := utils/init.c
# automatic
# + := utils/init.c
# automatic
# % := 
# automatic
# ^ := utils/init.c
# automatic
# ? := utils/init.c
# automatic
# | := 
# variable set hash-table stats:
# Load=8/32=25%, Rehash=0, Collisions=2/14=14%
#  recipe to execute (from 'Makefile', line 50):
			$(CC) -c $< -o $@
	

sanitize: main.o utils/init.o utils/string_utils.o env/prompt.o env/signal.o exit_free/exit.o exit_free/free.o history/file.o parsing/detect.o parsing/detect2.o parsing/detect3.o parsing/detect4.o parsing/detect5.o parsing/is.o parsing/is_redirection.o parsing/is_boolean.o parsing/is_quote.o verbose/verbose.o tokenization/init_token.o tokenization/tokenizer.o tokenization/chained.o tokenization/create.o
#  Phony target (prerequisite of .PHONY).
#  Implicit rule search has not been done.
#  File does not exist.
#  File has not been updated.
#  recipe to execute (from 'Makefile', line 71):
				$(CC) $(OBJS) $(FLAGS) $(SANITIZE) libft/libft.a  -o $(NAME)

.PHONY: all clean fclean re leak sanitize
#  Implicit rule search has not been done.
#  Modification time never checked.
#  File has not been updated.

# Not a target:
tokenization/chained.o:
#  Implicit rule search has not been done.
#  Modification time never checked.
#  File has not been updated.

# files hash-table stats:
# Load=36/1024=4%, Rehash=0, Collisions=0/151=0%
# VPATH Search Paths

# No 'vpath' search paths.

# No general ('VPATH' variable) search path.

# strcache buffers: 1 (0) / strings = 65 / storage = 753 B / avg = 11 B
# current buf: size = 8162 B / used = 753 B / count = 65 / avg = 11 B

# strcache performance: lookups = 163 / hit rate = 60%
# hash-table stats:
 
# Load=65/8192=1%, Rehash=0, Collisions=1/163=1%
# Finished Make data base on Mon Jul 18 15:17:12 2022

 
